================================================================================
Enterprise Secret Scanner v3.0
================================================================================
Scan Date         : 2025-12-19 08:35:39
Root Directory    : C:\TEMP
PowerShell Ver    : 5.1.26100.7462
Output Format     : text
Min Entropy       : 3.5
Min Severity      : Low
Max File Size     : 10 MB
Context Lines     : 2
Scan Git History  : False
Interactive Mode  : False
Excluded Folders  : .git, .svn, node_modules, bin, obj, .vs, .vscode, target, build, dist, vendor, __pycache__, .idea, bower_components, jspm_packages, .next
Excluded Files    : *.min.js, *.min.css, *.map, *.dll, *.exe, *.zip, *.tar, *.gz, *.jpg, *.png, *.gif, *.pdf, *.woff*, *.ttf, *.eot, .env
Whitelist File    : None
Config File       : None
================================================================================

[2025-12-19 08:35:40] [INFO] ═══════════════════════════════════════════════════════════
[2025-12-19 08:35:40] [INFO] Enterprise Secret Scanner v3.0 - Starting scan...
[2025-12-19 08:35:40] [INFO] ═══════════════════════════════════════════════════════════
[2025-12-19 08:35:40] [INFO] Discovering files to scan...
[2025-12-19 08:35:40] [SUCCESS] Found 16 files to scan
[2025-12-19 08:35:40] [INFO] Starting sequential scan (PowerShell 5)...
[2025-12-19 08:35:40] [CRITICAL] Private Key (PEM) | C:\TEMP\certs\localhost.key:1 | Entropy: 3.38
[2025-12-19 08:35:40] [CRITICAL]   └─ Matched: -----BEGIN***REDACTED***
[2025-12-19 08:35:40] [CRITICAL] RSA Private Key | C:\TEMP\certs\localhost.key:1 | Entropy: 3.38
[2025-12-19 08:35:40] [CRITICAL]   └─ Matched: -----BEGIN***REDACTED***
[2025-12-19 08:35:40] [CRITICAL] Private Key (PEM) | C:\TEMP\certs\Localhost_Development_Intermediate_CA_intermediate_ca.key:1 | Entropy: 3.38
[2025-12-19 08:35:40] [CRITICAL]   └─ Matched: -----BEGIN***REDACTED***
[2025-12-19 08:35:40] [CRITICAL] RSA Private Key | C:\TEMP\certs\Localhost_Development_Intermediate_CA_intermediate_ca.key:1 | Entropy: 3.38
[2025-12-19 08:35:40] [CRITICAL]   └─ Matched: -----BEGIN***REDACTED***
[2025-12-19 08:35:40] [CRITICAL] Private Key (PEM) | C:\TEMP\certs\Localhost_Development_Root_CA_root_ca.key:1 | Entropy: 3.38
[2025-12-19 08:35:40] [CRITICAL]   └─ Matched: -----BEGIN***REDACTED***
[2025-12-19 08:35:40] [CRITICAL] RSA Private Key | C:\TEMP\certs\Localhost_Development_Root_CA_root_ca.key:1 | Entropy: 3.38
[2025-12-19 08:35:40] [CRITICAL]   └─ Matched: -----BEGIN***REDACTED***
[2025-12-19 08:35:47] [SUCCESS] Scan completed in 7.33 seconds
[2025-12-19 08:35:47] [INFO] Files processed: 16
